android/SmsForwarder/app/build/intermediates/manifest_merge_blame_file/debug/manifest-merger-blame-debug-report.txt
1<?xml version="1.0" encoding="utf-8"?>
2<manifest xmlns:android="http://schemas.android.com/apk/res/android"
3    package="com.ledger.smsforwarder"
4    android:versionCode="1"
5    android:versionName="1.0" >
6
7    <uses-sdk
8        android:minSdkVersion="26"
9        android:targetSdkVersion="34" />
10
11    <uses-permission android:name="android.permission.RECEIVE_SMS" />
11-->src\main\AndroidManifest.xml:5:5-70
11-->src\main\AndroidManifest.xml:5:22-67
12    <uses-permission android:name="android.permission.READ_SMS" />
12-->src\main\AndroidManifest.xml:6:5-67
12-->src\main\AndroidManifest.xml:6:22-64
13    <uses-permission android:name="android.permission.INTERNET" />
13-->src\main\AndroidManifest.xml:7:5-67
13-->src\main\AndroidManifest.xml:7:22-64
14    <uses-permission android:name="android.permission.POST_NOTIFICATIONS" />
14-->src\main\AndroidManifest.xml:8:5-77
14-->src\main\AndroidManifest.xml:8:22-74
15    <uses-permission android:name="android.permission.RECEIVE_BOOT_COMPLETED" />
15-->src\main\AndroidManifest.xml:9:5-81
15-->src\main\AndroidManifest.xml:9:22-78
16
17    <!-- Only SMS-capable devices -->
18    <uses-feature
18-->src\main\AndroidManifest.xml:12:5-87
19        android:name="android.hardware.telephony"
19-->src\main\AndroidManifest.xml:12:19-60
20        android:required="true" />
20-->src\main\AndroidManifest.xml:12:61-84
21
22    <permission
22-->[androidx.core:core:1.12.0] AndroidManifest.xml:22:5-24:47
23        android:name="com.ledger.smsforwarder.DYNAMIC_RECEIVER_NOT_EXPORTED_PERMISSION"
23-->[androidx.core:core:1.12.0] AndroidManifest.xml:23:9-81
24        android:protectionLevel="signature" />
24-->[androidx.core:core:1.12.0] AndroidManifest.xml:24:9-44
25
26    <uses-permission android:name="com.ledger.smsforwarder.DYNAMIC_RECEIVER_NOT_EXPORTED_PERMISSION" />
26-->[androidx.core:core:1.12.0] AndroidManifest.xml:26:5-97
26-->[androidx.core:core:1.12.0] AndroidManifest.xml:26:22-94
27
28    <application
28-->src\main\AndroidManifest.xml:14:5-72:19
29        android:allowBackup="true"
29-->src\main\AndroidManifest.xml:15:9-35
30        android:appComponentFactory="androidx.core.app.CoreComponentFactory"
30-->[androidx.core:core:1.12.0] AndroidManifest.xml:28:18-86
31        android:debuggable="true"
32        android:extractNativeLibs="false"
33        android:icon="@mipmap/ic_launcher"
33-->src\main\AndroidManifest.xml:16:9-43
34        android:label="Ledger SMS"
34-->src\main\AndroidManifest.xml:17:9-35
35        android:supportsRtl="true"
35-->src\main\AndroidManifest.xml:18:9-35
36        android:theme="@style/Theme.SmsForwarder" >
36-->src\main\AndroidManifest.xml:19:9-50
37        <activity
37-->src\main\AndroidManifest.xml:22:9-30:20
38            android:name="com.ledger.smsforwarder.MainActivity"
38-->src\main\AndroidManifest.xml:23:13-41
39            android:exported="true"
39-->src\main\AndroidManifest.xml:24:13-36
40            android:launchMode="singleTop" >
40-->src\main\AndroidManifest.xml:25:13-43
41            <intent-filter>
41-->src\main\AndroidManifest.xml:26:13-29:29
42                <action android:name="android.intent.action.MAIN" />
42-->src\main\AndroidManifest.xml:27:17-69
42-->src\main\AndroidManifest.xml:27:25-66
43
44                <category android:name="android.intent.category.LAUNCHER" />
44-->src\main\AndroidManifest.xml:28:17-77
44-->src\main\AndroidManifest.xml:28:27-74
45            </intent-filter>
46        </activity>
47        <activity
47-->src\main\AndroidManifest.xml:32:9-34:40
48            android:name="com.ledger.smsforwarder.SettingsActivity"
48-->src\main\AndroidManifest.xml:33:13-45
49            android:exported="false" />
49-->src\main\AndroidManifest.xml:34:13-37
50        <activity
50-->src\main\AndroidManifest.xml:36:9-38:40
51            android:name="com.ledger.smsforwarder.DebugActivity"
51-->src\main\AndroidManifest.xml:37:13-42
52            android:exported="false" />
52-->src\main\AndroidManifest.xml:38:13-37
53
54        <!-- SMS Receiver - listens for incoming SMS -->
55        <receiver
55-->src\main\AndroidManifest.xml:41:9-48:20
56            android:name="com.ledger.smsforwarder.SmsReceiver"
56-->src\main\AndroidManifest.xml:42:13-40
57            android:exported="true"
57-->src\main\AndroidManifest.xml:43:13-36
58            android:permission="android.permission.BROADCAST_SMS" >
58-->src\main\AndroidManifest.xml:44:13-66
59            <intent-filter android:priority="999" >
59-->src\main\AndroidManifest.xml:45:13-47:29
59-->src\main\AndroidManifest.xml:45:28-50
60                <action android:name="android.provider.Telephony.SMS_RECEIVED" />
60-->src\main\AndroidManifest.xml:46:17-82
60-->src\main\AndroidManifest.xml:46:25-79
61            </intent-filter>
62        </receiver>
63
64        <!-- Boot receiver to re-register after reboot -->
65        <receiver
65-->src\main\AndroidManifest.xml:51:9-57:20
66            android:name="com.ledger.smsforwarder.BootReceiver"
66-->src\main\AndroidManifest.xml:52:13-41
67            android:exported="true" >
67-->src\main\AndroidManifest.xml:53:13-36
68            <intent-filter>
68-->src\main\AndroidManifest.xml:54:13-56:29
69                <action android:name="android.intent.action.BOOT_COMPLETED" />
69-->src\main\AndroidManifest.xml:55:17-79
69-->src\main\AndroidManifest.xml:55:25-76
70            </intent-filter>
71        </receiver>
72
73        <!--
74             Notification listener: reads transaction alerts posted by fintech
75             apps (e.g. Slice) that don't send regular bank SMS. Requires the
76             user to grant "Notification access" in system settings.
77        -->
78        <service
78-->src\main\AndroidManifest.xml:62:9-70:19
79            android:name="com.ledger.smsforwarder.TransactionNotificationListener"
79-->src\main\AndroidManifest.xml:63:13-60
80            android:exported="false"
80-->src\main\AndroidManifest.xml:64:13-37
81            android:label="Ledger transaction alerts"
81-->src\main\AndroidManifest.xml:65:13-54
82            android:permission="android.permission.BIND_NOTIFICATION_LISTENER_SERVICE" >
82-->src\main\AndroidManifest.xml:66:13-87
83            <intent-filter>
83-->src\main\AndroidManifest.xml:67:13-69:29
84                <action android:name="android.service.notification.NotificationListenerService" />
84-->src\main\AndroidManifest.xml:68:17-99
84-->src\main\AndroidManifest.xml:68:25-96
85            </intent-filter>
86        </service>
87
88        <provider
88-->[androidx.emoji2:emoji2:1.2.0] AndroidManifest.xml:24:9-32:20
89            android:name="androidx.startup.InitializationProvider"
89-->[androidx.emoji2:emoji2:1.2.0] AndroidManifest.xml:25:13-67
90            android:authorities="com.ledger.smsforwarder.androidx-startup"
90-->[androidx.emoji2:emoji2:1.2.0] AndroidManifest.xml:26:13-68
91            android:exported="false" >
91-->[androidx.emoji2:emoji2:1.2.0] AndroidManifest.xml:27:13-37
92            <meta-data
92-->[androidx.emoji2:emoji2:1.2.0] AndroidManifest.xml:29:13-31:52
93                android:name="androidx.emoji2.text.EmojiCompatInitializer"
93-->[androidx.emoji2:emoji2:1.2.0] AndroidManifest.xml:30:17-75
94                android:value="androidx.startup" />
94-->[androidx.emoji2:emoji2:1.2.0] AndroidManifest.xml:31:17-49
95            <meta-data
95-->[androidx.lifecycle:lifecycle-process:2.7.0] AndroidManifest.xml:29:13-31:52
96                android:name="androidx.lifecycle.ProcessLifecycleInitializer"
96-->[androidx.lifecycle:lifecycle-process:2.7.0] AndroidManifest.xml:30:17-78
97                android:value="androidx.startup" />
97-->[androidx.lifecycle:lifecycle-process:2.7.0] AndroidManifest.xml:31:17-49
98            <meta-data
98-->[androidx.profileinstaller:profileinstaller:1.3.0] AndroidManifest.xml:29:13-31:52
99                android:name="androidx.profileinstaller.ProfileInstallerInitializer"
99-->[androidx.profileinstaller:profileinstaller:1.3.0] AndroidManifest.xml:30:17-85
100                android:value="androidx.startup" />
100-->[androidx.profileinstaller:profileinstaller:1.3.0] AndroidManifest.xml:31:17-49
101        </provider>
102
103        <uses-library
103-->[androidx.window:window:1.0.0] AndroidManifest.xml:25:9-27:40
104            android:name="androidx.window.extensions"
104-->[androidx.window:window:1.0.0] AndroidManifest.xml:26:13-54
105            android:required="false" />
105-->[androidx.window:window:1.0.0] AndroidManifest.xml:27:13-37
106        <uses-library
106-->[androidx.window:window:1.0.0] AndroidManifest.xml:28:9-30:40
107            android:name="androidx.window.sidecar"
107-->[androidx.window:window:1.0.0] AndroidManifest.xml:29:13-51
108            android:required="false" />
108-->[androidx.window:window:1.0.0] AndroidManifest.xml:30:13-37
109
110        <receiver
110-->[androidx.profileinstaller:profileinstaller:1.3.0] AndroidManifest.xml:34:9-52:20
111            android:name="androidx.profileinstaller.ProfileInstallReceiver"
111-->[androidx.profileinstaller:profileinstaller:1.3.0] AndroidManifest.xml:35:13-76
112            android:directBootAware="false"
112-->[androidx.profileinstaller:profileinstaller:1.3.0] AndroidManifest.xml:36:13-44
113            android:enabled="true"
113-->[androidx.profileinstaller:profileinstaller:1.3.0] AndroidManifest.xml:37:13-35
114            android:exported="true"
114-->[androidx.profileinstaller:profileinstaller:1.3.0] AndroidManifest.xml:38:13-36
115            android:permission="android.permission.DUMP" >
115-->[androidx.profileinstaller:profileinstaller:1.3.0] AndroidManifest.xml:39:13-57
116            <intent-filter>
116-->[androidx.profileinstaller:profileinstaller:1.3.0] AndroidManifest.xml:40:13-42:29
117                <action android:name="androidx.profileinstaller.action.INSTALL_PROFILE" />
117-->[androidx.profileinstaller:profileinstaller:1.3.0] AndroidManifest.xml:41:17-91
117-->[androidx.profileinstaller:profileinstaller:1.3.0] AndroidManifest.xml:41:25-88
118            </intent-filter>
119            <intent-filter>
119-->[androidx.profileinstaller:profileinstaller:1.3.0] AndroidManifest.xml:43:13-45:29
120                <action android:name="androidx.profileinstaller.action.SKIP_FILE" />
120-->[androidx.profileinstaller:profileinstaller:1.3.0] AndroidManifest.xml:44:17-85
120-->[androidx.profileinstaller:profileinstaller:1.3.0] AndroidManifest.xml:44:25-82
121            </intent-filter>
122            <intent-filter>
122-->[androidx.profileinstaller:profileinstaller:1.3.0] AndroidManifest.xml:46:13-48:29
123                <action android:name="androidx.profileinstaller.action.SAVE_PROFILE" />
123-->[androidx.profileinstaller:profileinstaller:1.3.0] AndroidManifest.xml:47:17-88
123-->[androidx.profileinstaller:profileinstaller:1.3.0] AndroidManifest.xml:47:25-85
124            </intent-filter>
125            <intent-filter>
125-->[androidx.profileinstaller:profileinstaller:1.3.0] AndroidManifest.xml:49:13-51:29
126                <action android:name="androidx.profileinstaller.action.BENCHMARK_OPERATION" />
126-->[androidx.profileinstaller:profileinstaller:1.3.0] AndroidManifest.xml:50:17-95
126-->[androidx.profileinstaller:profileinstaller:1.3.0] AndroidManifest.xml:50:25-92
127            </intent-filter>
128        </receiver>
129    </application>
130
131</manifest>